Log 1650: 1637441834241 [SAVE LOAD] [STANDARD] [SOResourceManager (0)] - Output Tex Path: C:\Users\student\Documents\Masterpiece Creator\Exports\sheep-unity/MeshLayer_Mesh_BaseColor.png

Log 1651: 1637441834242 [SAVE LOAD] [STANDARD] [SOResourceManager (0)] - Resource not found; Adding data

Log 1652: 1637441834243 [SAVE LOAD] [STANDARD] [SOResourceManager (0)] - Stores as Tex Name: MeshLayer_Mesh_BaseColor

Log 1653: 1637441834527 [SAVE LOAD] [STANDARD] [SOResourceManager (0)] - Output Tex Path: C:\Users\student\Documents\Masterpiece Creator\Exports\sheep-unity/MeshLayer_Mesh_Normal.png

Log 1654: 1637441834529 [SAVE LOAD] [STANDARD] [SOResourceManager (0)] - Resource not found; Adding data

Log 1655: 1637441834530 [SAVE LOAD] [STANDARD] [SOResourceManager (0)] - Stores as Tex Name: MeshLayer_Mesh_Normal

Log 1656: 1637441834836 [SAVE LOAD] [STANDARD] [SOResourceManager (0)] - Output Tex Path: C:\Users\student\Documents\Masterpiece Creator\Exports\sheep-unity/MeshLayer_Mesh_Metallic.png

Log 1657: 1637441834837 [SAVE LOAD] [STANDARD] [SOResourceManager (0)] - Resource not found; Adding data

Log 1658: 1637441834837 [SAVE LOAD] [STANDARD] [SOResourceManager (0)] - Stores as Tex Name: MeshLayer_Mesh_Metallic

Log 1659: 1637441835066 [SAVE LOAD] [STANDARD] [SOResourceManager (0)] - Output Tex Path: C:\Users\student\Documents\Masterpiece Creator\Exports\sheep-unity/MeshLayer_Mesh_Glossiness.png

Log 1660: 1637441835067 [SAVE LOAD] [STANDARD] [SOResourceManager (0)] - Resource not found; Adding data

Log 1661: 1637441835068 [SAVE LOAD] [STANDARD] [SOResourceManager (0)] - Stores as Tex Name: MeshLayer_Mesh_Glossiness

Log 1662: 1637441835303 [SAVE LOAD] [STANDARD] [SOResourceManager (0)] - Output Tex Path: C:\Users\student\Documents\Masterpiece Creator\Exports\sheep-unity/MeshLayer_Mesh_Height.png

Log 1663: 1637441835304 [SAVE LOAD] [STANDARD] [SOResourceManager (0)] - Resource not found; Adding data

Log 1664: 1637441835305 [SAVE LOAD] [STANDARD] [SOResourceManager (0)] - Stores as Tex Name: MeshLayer_Mesh_Height

Log 1665: 1637441835525 [SAVE LOAD] [STANDARD] [SOResourceManager (0)] - Output Tex Path: C:\Users\student\Documents\Masterpiece Creator\Exports\sheep-unity/MeshLayer_Mesh_CombinedMap.png

Log 1666: 1637441835527 [SAVE LOAD] [STANDARD] [SOResourceManager (0)] - Resource not found; Adding data

Log 1667: 1637441835527 [SAVE LOAD] [STANDARD] [SOResourceManager (0)] - Stores as Tex Name: MeshLayer_Mesh_CombinedMap

Log 1668: 1637441835822 [SAVE LOAD] [STANDARD] [SOResourceManager (0)] - Output Tex Path: C:\Users\student\Documents\Masterpiece Creator\Exports\sheep-unity/MeshLayer_Mesh_Emissive.png

Log 1669: 1637441835822 [SAVE LOAD] [STANDARD] [SOResourceManager (0)] - Resource not found; Adding data

Log 1670: 1637441835823 [SAVE LOAD] [STANDARD] [SOResourceManager (0)] - Stores as Tex Name: MeshLayer_Mesh_Emissive

Log 1671: 1637441836009 [SAVE LOAD] [STANDARD] [SOResourceManager (0)] - Output Tex Path: C:\Users\student\Documents\Masterpiece Creator\Exports\sheep-unity/MeshLayer_2_Mesh_2_BaseColor.png

Log 1672: 1637441836010 [SAVE LOAD] [STANDARD] [SOResourceManager (0)] - Resource not found; Adding data

Log 1673: 1637441836011 [SAVE LOAD] [STANDARD] [SOResourceManager (0)] - Stores as Tex Name: MeshLayer_2_Mesh_2_BaseColor

Log 1674: 1637441836172 [SAVE LOAD] [STANDARD] [SOResourceManager (0)] - Output Tex Path: C:\Users\student\Documents\Masterpiece Creator\Exports\sheep-unity/MeshLayer_2_Mesh_2_Normal.png

Log 1675: 1637441836173 [SAVE LOAD] [STANDARD] [SOResourceManager (0)] - Resource not found; Adding data

Log 1676: 1637441836173 [SAVE LOAD] [STANDARD] [SOResourceManager (0)] - Stores as Tex Name: MeshLayer_2_Mesh_2_Normal

Log 1677: 1637441836334 [SAVE LOAD] [STANDARD] [SOResourceManager (0)] - Output Tex Path: C:\Users\student\Documents\Masterpiece Creator\Exports\sheep-unity/MeshLayer_2_Mesh_2_Metallic.png

Log 1678: 1637441836334 [SAVE LOAD] [STANDARD] [SOResourceManager (0)] - Resource not found; Adding data

Log 1679: 1637441836335 [SAVE LOAD] [STANDARD] [SOResourceManager (0)] - Stores as Tex Name: MeshLayer_2_Mesh_2_Metallic

Log 1680: 1637441836495 [SAVE LOAD] [STANDARD] [SOResourceManager (0)] - Output Tex Path: C:\Users\student\Documents\Masterpiece Creator\Exports\sheep-unity/MeshLayer_2_Mesh_2_Glossiness.png

Log 1681: 1637441836496 [SAVE LOAD] [STANDARD] [SOResourceManager (0)] - Resource not found; Adding data

Log 1682: 1637441836496 [SAVE LOAD] [STANDARD] [SOResourceManager (0)] - Stores as Tex Name: MeshLayer_2_Mesh_2_Glossiness

Log 1683: 1637441836658 [SAVE LOAD] [STANDARD] [SOResourceManager (0)] - Output Tex Path: C:\Users\student\Documents\Masterpiece Creator\Exports\sheep-unity/MeshLayer_2_Mesh_2_Height.png

Log 1684: 1637441836659 [SAVE LOAD] [STANDARD] [SOResourceManager (0)] - Resource not found; Adding data

Log 1685: 1637441836659 [SAVE LOAD] [STANDARD] [SOResourceManager (0)] - Stores as Tex Name: MeshLayer_2_Mesh_2_Height

Log 1686: 1637441836832 [SAVE LOAD] [STANDARD] [SOResourceManager (0)] - Output Tex Path: C:\Users\student\Documents\Masterpiece Creator\Exports\sheep-unity/MeshLayer_2_Mesh_2_CombinedMap.png

Log 1687: 1637441836833 [SAVE LOAD] [STANDARD] [SOResourceManager (0)] - Resource not found; Adding data

Log 1688: 1637441836834 [SAVE LOAD] [STANDARD] [SOResourceManager (0)] - Stores as Tex Name: MeshLayer_2_Mesh_2_CombinedMap

Log 1689: 1637441837005 [SAVE LOAD] [STANDARD] [SOResourceManager (0)] - Output Tex Path: C:\Users\student\Documents\Masterpiece Creator\Exports\sheep-unity/MeshLayer_2_Mesh_2_Emissive.png

Log 1690: 1637441837006 [SAVE LOAD] [STANDARD] [SOResourceManager (0)] - Resource not found; Adding data

Log 1691: 1637441837007 [SAVE LOAD] [STANDARD] [SOResourceManager (0)] - Stores as Tex Name: MeshLayer_2_Mesh_2_Emissive

Log 1692: 1637441837180 [SAVE LOAD] [STANDARD] [SOResourceManager (0)] - Output Tex Path: C:\Users\student\Documents\Masterpiece Creator\Exports\sheep-unity/MeshLayer_3_Mesh_3_BaseColor.png

Log 1693: 1637441837181 [SAVE LOAD] [STANDARD] [SOResourceManager (0)] - Resource not found; Adding data

Log 1694: 1637441837181 [SAVE LOAD] [STANDARD] [SOResourceManager (0)] - Stores as Tex Name: MeshLayer_3_Mesh_3_BaseColor

Log 1695: 1637441837344 [SAVE LOAD] [STANDARD] [SOResourceManager (0)] - Output Tex Path: C:\Users\student\Documents\Masterpiece Creator\Exports\sheep-unity/MeshLayer_3_Mesh_3_Normal.png

Log 1696: 1637441837345 [SAVE LOAD] [STANDARD] [SOResourceManager (0)] - Resource not found; Adding data

Log 1697: 1637441837345 [SAVE LOAD] [STANDARD] [SOResourceManager (0)] - Stores as Tex Name: MeshLayer_3_Mesh_3_Normal

Log 1698: 1637441837690 [SAVE LOAD] [STANDARD] [SOResourceManager (0)] - Output Tex Path: C:\Users\student\Documents\Masterpiece Creator\Exports\sheep-unity/MeshLayer_3_Mesh_3_Metallic.png

Log 1699: 1637441837691 [SAVE LOAD] [STANDARD] [SOResourceManager (0)] - Resource not found; Adding data

Log 1700: 1637441837691 [SAVE LOAD] [STANDARD] [SOResourceManager (0)] - Stores as Tex Name: MeshLayer_3_Mesh_3_Metallic

Log 1701: 1637441837888 [SAVE LOAD] [STANDARD] [SOResourceManager (0)] - Output Tex Path: C:\Users\student\Documents\Masterpiece Creator\Exports\sheep-unity/MeshLayer_3_Mesh_3_Glossiness.png

Log 1702: 1637441837889 [SAVE LOAD] [STANDARD] [SOResourceManager (0)] - Resource not found; Adding data

Log 1703: 1637441837889 [SAVE LOAD] [STANDARD] [SOResourceManager (0)] - Stores as Tex Name: MeshLayer_3_Mesh_3_Glossiness

Log 1704: 1637441838054 [SAVE LOAD] [STANDARD] [SOResourceManager (0)] - Output Tex Path: C:\Users\student\Documents\Masterpiece Creator\Exports\sheep-unity/MeshLayer_3_Mesh_3_Height.png

Log 1705: 1637441838054 [SAVE LOAD] [STANDARD] [SOResourceManager (0)] - Resource not found; Adding data

Log 1706: 1637441838055 [SAVE LOAD] [STANDARD] [SOResourceManager (0)] - Stores as Tex Name: MeshLayer_3_Mesh_3_Height

Log 1707: 1637441838227 [SAVE LOAD] [STANDARD] [SOResourceManager (0)] - Output Tex Path: C:\Users\student\Documents\Masterpiece Creator\Exports\sheep-unity/MeshLayer_3_Mesh_3_CombinedMap.png

Log 1708: 1637441838228 [SAVE LOAD] [STANDARD] [SOResourceManager (0)] - Resource not found; Adding data

Log 1709: 1637441838229 [SAVE LOAD] [STANDARD] [SOResourceManager (0)] - Stores as Tex Name: MeshLayer_3_Mesh_3_CombinedMap

Log 1710: 1637441838423 [SAVE LOAD] [STANDARD] [SOResourceManager (0)] - Output Tex Path: C:\Users\student\Documents\Masterpiece Creator\Exports\sheep-unity/MeshLayer_3_Mesh_3_Emissive.png

Log 1711: 1637441838424 [SAVE LOAD] [STANDARD] [SOResourceManager (0)] - Resource not found; Adding data

Log 1712: 1637441838424 [SAVE LOAD] [STANDARD] [SOResourceManager (0)] - Stores as Tex Name: MeshLayer_3_Mesh_3_Emissive

